<?xml version="1.0" encoding="UTF-8"?>
<!-- Generated by org.testng.reporters.JUnitXMLReporter -->
<testsuite hostname="NODE1099" ignored="0" name="Default test" tests="2" failures="0" timestamp="21 Jul 2019 10:32:34 GMT" time="62.362" errors="0">
  <testcase name="testUserAbleToBuyPillowSuccessfully_TC01" time="19.651" classname="com.firstTestNG.tests.SampleLoginTest"/>
  <testcase name="testUserUnAbleToBuyPillow_TC02" time="19.168" classname="com.firstTestNG.tests.SampleLoginTest"/>
</testsuite> <!-- Default test -->
