<?xml version="1.0" encoding="UTF-8"?>
<testng-results skipped="0" failed="0" ignored="0" total="1" passed="1">
  <reporter-output>
  </reporter-output>
  <suite name="Default suite" duration-ms="17618" started-at="2019-07-14T13:46:00Z" finished-at="2019-07-14T13:46:18Z">
    <groups>
    </groups>
    <test name="Default test" duration-ms="17618" started-at="2019-07-14T13:46:00Z" finished-at="2019-07-14T13:46:18Z">
      <class name="com.firstTestNG.tests.SampleLoginTest">
        <test-method status="PASS" signature="setUp()[pri:0, instance:com.firstTestNG.tests.SampleLoginTest@370736d9]" name="setUp" is-config="true" duration-ms="16396" started-at="2019-07-14T13:46:00Z" finished-at="2019-07-14T13:46:17Z">
          <reporter-output>
          </reporter-output>
        </test-method> <!-- setUp -->
        <test-method status="PASS" signature="launchTest()[pri:0, instance:com.firstTestNG.tests.SampleLoginTest@370736d9]" name="launchTest" duration-ms="39" started-at="2019-07-14T13:46:17Z" finished-at="2019-07-14T13:46:17Z">
          <reporter-output>
          </reporter-output>
        </test-method> <!-- launchTest -->
        <test-method status="PASS" signature="tearDown()[pri:0, instance:com.firstTestNG.tests.SampleLoginTest@370736d9]" name="tearDown" is-config="true" duration-ms="1156" started-at="2019-07-14T13:46:17Z" finished-at="2019-07-14T13:46:18Z">
          <reporter-output>
          </reporter-output>
        </test-method> <!-- tearDown -->
      </class> <!-- com.firstTestNG.tests.SampleLoginTest -->
    </test> <!-- Default test -->
  </suite> <!-- Default suite -->
</testng-results>
